<?xml version="1.0" encoding="UTF-8"?>
<Site BuildName="Linux-g++"
	BuildStamp="20220406-0745-Experimental"
	Name="Haoze"
	Generator="ctest-3.16.3"
	CompilerName="/usr/bin/g++"
	CompilerVersion="9.4.0"
	OSName="Linux"
	Hostname="Haoze"
	OSRelease="4.4.0-22000-Microsoft"
	OSVersion="#1-Microsoft Fri Jun 04 16:28:00 PST 2021"
	OSPlatform="x86_64"
	Is64Bits="1"
	VendorString="AuthenticAMD"
	VendorID="Advanced Micro Devices"
	FamilyID="23"
	ModelID="96"
	ProcessorCacheSize="512"
	NumberOfLogicalCPU="16"
	NumberOfPhysicalCPU="8"
	TotalVirtualMemory="12799"
	TotalPhysicalMemory="15222"
	LogicalProcessorsPerPhysical="2"
	ProcessorClockFrequency="1800"
	>
	<Testing>
		<StartDateTime>Apr 06 15:45 CST</StartDateTime>
		<StartTestTime>1649231132</StartTestTime>
		<TestList/>
		<EndDateTime>Apr 06 15:45 CST</EndDateTime>
		<EndTestTime>1649231132</EndTestTime>
		<ElapsedMinutes>0</ElapsedMinutes>
	</Testing>
</Site>
